<?xml version="1.0" encoding="UTF-8"?>
<testsuite name="selenium.CheckProductsBadgesTest" tests="1" skipped="0" failures="0" errors="0" timestamp="2020-08-08T01:21:30" hostname="MSK-C02XL9ALJG5H.local" time="4.49">
  <properties/>
  <testcase name="checkProductsBadgesTest" classname="selenium.CheckProductsBadgesTest" time="4.49"/>
  <system-out><![CDATA[]]></system-out>
  <system-err><![CDATA[SLF4J: Failed to load class "org.slf4j.impl.StaticLoggerBinder".
SLF4J: Defaulting to no-operation (NOP) logger implementation
SLF4J: See http://www.slf4j.org/codes.html#StaticLoggerBinder for further details.
Starting ChromeDriver 84.0.4147.30 (48b3e868b4cc0aa7e8149519690b6f6949e110a8-refs/branch-heads/4147@{#310}) on port 4325
Only local connections are allowed.
Please see https://chromedriver.chromium.org/security-considerations for suggestions on keeping ChromeDriver safe.
ChromeDriver was started successfully.
авг. 08, 2020 4:21:33 AM org.openqa.selenium.remote.ProtocolHandshake createSession
INFO: Detected dialect: W3C
]]></system-err>
</testsuite>
